<?xml version="1.0" encoding="utf-8"?><testsuites name="pytest tests"><testsuite name="pytest" errors="0" failures="0" skipped="0" tests="162" time="2.347" timestamp="2025-10-02T22:48:09.605578+00:00" hostname="dartserver.dev.local"><testcase classname="tests.integration.test_app_endpoints.TestAppEndpoints" name="test_index_route" time="0.040" /><testcase classname="tests.integration.test_app_endpoints.TestAppEndpoints" name="test_control_route" time="0.014" /><testcase classname="tests.integration.test_app_endpoints.TestAppEndpoints" name="test_get_game_state" time="0.006" /><testcase classname="tests.integration.test_app_endpoints.TestAppEndpoints" name="test_new_game_default" time="0.006" /><testcase classname="tests.integration.test_app_endpoints.TestAppEndpoints" name="test_new_game_301" time="0.006" /><testcase classname="tests.integration.test_app_endpoints.TestAppEndpoints" name="test_new_game_cricket" time="0.006" /><testcase classname="tests.integration.test_app_endpoints.TestAppEndpoints" name="test_get_players" time="0.007" /><testcase classname="tests.integration.test_app_endpoints.TestAppEndpoints" name="test_add_player" time="0.007" /><testcase classname="tests.integration.test_app_endpoints.TestAppEndpoints" name="test_remove_player" time="0.008" /><testcase classname="tests.integration.test_app_endpoints.TestAppEndpoints" name="test_game_flow_301" time="0.007" /><testcase classname="tests.integration.test_app_endpoints.TestAppEndpoints" name="test_game_flow_cricket" time="0.008" /><testcase classname="tests.integration.test_app_endpoints.TestAppEndpoints" name="test_invalid_route" time="0.007" /><testcase classname="tests.integration.test_app_endpoints.TestAppEndpoints" name="test_post_without_json" time="0.006" /><testcase classname="tests.integration.test_game_scenarios.TestGame301Scenarios" name="test_complete_301_game" time="0.006" /><testcase classname="tests.integration.test_game_scenarios.TestGame301Scenarios" name="test_301_bust_scenario" time="0.004" /><testcase classname="tests.integration.test_game_scenarios.TestGame301Scenarios" name="test_301_exact_finish" time="0.004" /><testcase classname="tests.integration.test_game_scenarios.TestGame301Scenarios" name="test_501_game" time="0.005" /><testcase classname="tests.integration.test_game_scenarios.TestCricketScenarios" name="test_complete_cricket_game" time="0.005" /><testcase classname="tests.integration.test_game_scenarios.TestCricketScenarios" name="test_cricket_closing_target" time="0.005" /><testcase classname="tests.integration.test_game_scenarios.TestCricketScenarios" name="test_cricket_winner" time="0.009" /><testcase classname="tests.integration.test_game_scenarios.TestCricketScenarios" name="test_cricket_scoring_sequence" time="0.007" /><testcase classname="tests.integration.test_game_scenarios.TestMultiPlayerScenarios" name="test_three_player_301" time="0.009" /><testcase classname="tests.integration.test_game_scenarios.TestMultiPlayerScenarios" name="test_four_player_cricket" time="0.005" /><testcase classname="tests.integration.test_game_scenarios.TestMultiPlayerScenarios" name="test_player_rotation" time="0.005" /><testcase classname="tests.integration.test_game_scenarios.TestEdgeCases" name="test_score_before_game_start" time="0.003" /><testcase classname="tests.integration.test_game_scenarios.TestEdgeCases" name="test_invalid_multiplier" time="0.005" /><testcase classname="tests.integration.test_game_scenarios.TestEdgeCases" name="test_missing_score_data" time="0.004" /><testcase classname="tests.integration.test_game_scenarios.TestEdgeCases" name="test_remove_current_player" time="0.005" /><testcase classname="tests.integration.test_game_scenarios.TestEdgeCases" name="test_add_player_during_game" time="0.004" /><testcase classname="tests.integration.test_websocket_events.TestWebSocketEvents" name="test_connect_event" time="0.008" /><testcase classname="tests.integration.test_websocket_events.TestWebSocketEvents" name="test_disconnect_event" time="0.006" /><testcase classname="tests.integration.test_websocket_events.TestWebSocketEvents" name="test_new_game_event" time="0.008" /><testcase classname="tests.integration.test_websocket_events.TestWebSocketEvents" name="test_new_game_event_default_values" time="0.008" /><testcase classname="tests.integration.test_websocket_events.TestWebSocketEvents" name="test_new_game_cricket" time="0.009" /><testcase classname="tests.integration.test_websocket_events.TestWebSocketEvents" name="test_add_player_event" time="0.010" /><testcase classname="tests.integration.test_websocket_events.TestWebSocketEvents" name="test_add_player_event_default_name" time="0.010" /><testcase classname="tests.integration.test_websocket_events.TestWebSocketEvents" name="test_remove_player_event" time="0.011" /><testcase classname="tests.integration.test_websocket_events.TestWebSocketEvents" name="test_remove_player_event_no_id" time="0.009" /><testcase classname="tests.integration.test_websocket_events.TestWebSocketEvents" name="test_next_player_event" time="0.012" /><testcase classname="tests.integration.test_websocket_events.TestWebSocketEvents" name="test_skip_to_player_event" time="0.013" /><testcase classname="tests.integration.test_websocket_events.TestWebSocketEvents" name="test_skip_to_player_event_no_id" time="0.010" /><testcase classname="tests.integration.test_websocket_events.TestWebSocketEvents" name="test_manual_score_event" time="0.015" /><testcase classname="tests.integration.test_websocket_events.TestWebSocketEvents" name="test_manual_score_multiple_throws" time="0.028" /><testcase classname="tests.integration.test_websocket_events.TestWebSocketEvents" name="test_complete_game_via_websocket" time="0.031" /><testcase classname="tests.unit.test_app.TestAppModule" name="test_on_score_received" time="0.006" /><testcase classname="tests.unit.test_app.TestAppModule" name="test_start_rabbitmq_consumer_success" time="0.006" /><testcase classname="tests.unit.test_app.TestAppModule" name="test_start_rabbitmq_consumer_failure" time="0.003" /><testcase classname="tests.unit.test_app.TestAppModule" name="test_start_rabbitmq_consumer_default_config" time="0.007" /><testcase classname="tests.unit.test_app.TestAppModule" name="test_start_rabbitmq_consumer_custom_config" time="0.007" /><testcase classname="tests.unit.test_game_301.TestGame301" name="test_initialization_default" time="0.002" /><testcase classname="tests.unit.test_game_301.TestGame301" name="test_initialization_custom_score" time="0.002" /><testcase classname="tests.unit.test_game_301.TestGame301" name="test_add_player" time="0.002" /><testcase classname="tests.unit.test_game_301.TestGame301" name="test_remove_player" time="0.003" /><testcase classname="tests.unit.test_game_301.TestGame301" name="test_process_throw_single" time="0.002" /><testcase classname="tests.unit.test_game_301.TestGame301" name="test_process_throw_double" time="0.003" /><testcase classname="tests.unit.test_game_301.TestGame301" name="test_process_throw_triple" time="0.002" /><testcase classname="tests.unit.test_game_301.TestGame301" name="test_process_throw_bust" time="0.002" /><testcase classname="tests.unit.test_game_301.TestGame301" name="test_process_throw_winner" time="0.003" /><testcase classname="tests.unit.test_game_301.TestGame301" name="test_process_throw_invalid_player" time="0.003" /><testcase classname="tests.unit.test_game_301.TestGame301" name="test_get_player_score" time="0.003" /><testcase classname="tests.unit.test_game_301.TestGame301" name="test_get_state" time="0.002" /><testcase classname="tests.unit.test_game_301.TestGame301" name="test_reset" time="0.002" /><testcase classname="tests.unit.test_game_301.TestGame301" name="test_game_401" time="0.002" /><testcase classname="tests.unit.test_game_301.TestGame301" name="test_game_501" time="0.002" /><testcase classname="tests.unit.test_game_301.TestGame301" name="test_multiple_throws_sequence" time="0.002" /><testcase classname="tests.unit.test_game_301.TestGame301" name="test_exact_finish" time="0.002" /><testcase classname="tests.unit.test_game_301.TestGame301" name="test_bust_on_negative_one" time="0.002" /><testcase classname="tests.unit.test_game_301.TestGame301" name="test_zero_score_throw" time="0.002" /><testcase classname="tests.unit.test_game_cricket.TestGameCricket" name="test_initialization" time="0.002" /><testcase classname="tests.unit.test_game_cricket.TestGameCricket" name="test_cricket_targets" time="0.002" /><testcase classname="tests.unit.test_game_cricket.TestGameCricket" name="test_add_player" time="0.002" /><testcase classname="tests.unit.test_game_cricket.TestGameCricket" name="test_add_player_max_limit" time="0.002" /><testcase classname="tests.unit.test_game_cricket.TestGameCricket" name="test_remove_player" time="0.002" /><testcase classname="tests.unit.test_game_cricket.TestGameCricket" name="test_process_throw_single_hit" time="0.002" /><testcase classname="tests.unit.test_game_cricket.TestGameCricket" name="test_process_throw_double_hit" time="0.002" /><testcase classname="tests.unit.test_game_cricket.TestGameCricket" name="test_process_throw_triple_hit" time="0.002" /><testcase classname="tests.unit.test_game_cricket.TestGameCricket" name="test_process_throw_non_cricket_target" time="0.002" /><testcase classname="tests.unit.test_game_cricket.TestGameCricket" name="test_scoring_after_opening" time="0.002" /><testcase classname="tests.unit.test_game_cricket.TestGameCricket" name="test_closing_target_for_all" time="0.002" /><testcase classname="tests.unit.test_game_cricket.TestGameCricket" name="test_no_scoring_on_closed_target" time="0.002" /><testcase classname="tests.unit.test_game_cricket.TestGameCricket" name="test_winner_detection" time="0.003" /><testcase classname="tests.unit.test_game_cricket.TestGameCricket" name="test_winner_with_highest_score" time="0.002" /><testcase classname="tests.unit.test_game_cricket.TestGameCricket" name="test_get_player_score" time="0.002" /><testcase classname="tests.unit.test_game_cricket.TestGameCricket" name="test_get_state" time="0.003" /><testcase classname="tests.unit.test_game_cricket.TestGameCricket" name="test_reset" time="0.002" /><testcase classname="tests.unit.test_game_cricket.TestGameCricket" name="test_invalid_player_id" time="0.002" /><testcase classname="tests.unit.test_game_cricket.TestGameCricket" name="test_bull_target" time="0.002" /><testcase classname="tests.unit.test_game_cricket.TestGameCricket" name="test_double_bull_target" time="0.003" /><testcase classname="tests.unit.test_game_cricket.TestGameCricket" name="test_progressive_opening" time="0.002" /><testcase classname="tests.unit.test_game_cricket.TestGameCricket" name="test_scoring_multiple_hits_after_opening" time="0.003" /><testcase classname="tests.unit.test_game_manager.TestGameManager" name="test_initialization" time="0.004" /><testcase classname="tests.unit.test_game_manager.TestGameManager" name="test_new_game_301" time="0.004" /><testcase classname="tests.unit.test_game_manager.TestGameManager" name="test_new_game_cricket" time="0.005" /><testcase classname="tests.unit.test_game_manager.TestGameManager" name="test_new_game_501" time="0.004" /><testcase classname="tests.unit.test_game_manager.TestGameManager" name="test_new_game_default_players" time="0.004" /><testcase classname="tests.unit.test_game_manager.TestGameManager" name="test_add_player" time="0.004" /><testcase classname="tests.unit.test_game_manager.TestGameManager" name="test_add_player_cricket_max_limit" time="0.004" /><testcase classname="tests.unit.test_game_manager.TestGameManager" name="test_remove_player" time="0.004" /><testcase classname="tests.unit.test_game_manager.TestGameManager" name="test_remove_player_minimum" time="0.004" /><testcase classname="tests.unit.test_game_manager.TestGameManager" name="test_process_score_single" time="0.004" /><testcase classname="tests.unit.test_game_manager.TestGameManager" name="test_process_score_triple" time="0.004" /><testcase classname="tests.unit.test_game_manager.TestGameManager" name="test_process_score_not_started" time="0.003" /><testcase classname="tests.unit.test_game_manager.TestGameManager" name="test_process_score_paused" time="0.004" /><testcase classname="tests.unit.test_game_manager.TestGameManager" name="test_next_player" time="0.006" /><testcase classname="tests.unit.test_game_manager.TestGameManager" name="test_next_player_wrap_around" time="0.004" /><testcase classname="tests.unit.test_game_manager.TestGameManager" name="test_skip_to_player" time="0.004" /><testcase classname="tests.unit.test_game_manager.TestGameManager" name="test_skip_to_invalid_player" time="0.004" /><testcase classname="tests.unit.test_game_manager.TestGameManager" name="test_get_game_state" time="0.004" /><testcase classname="tests.unit.test_game_manager.TestGameManager" name="test_get_players" time="0.004" /><testcase classname="tests.unit.test_game_manager.TestGameManager" name="test_emit_game_state" time="0.004" /><testcase classname="tests.unit.test_game_manager.TestGameManager" name="test_emit_sound" time="0.003" /><testcase classname="tests.unit.test_game_manager.TestGameManager" name="test_emit_video" time="0.004" /><testcase classname="tests.unit.test_game_manager.TestGameManager" name="test_emit_message" time="0.004" /><testcase classname="tests.unit.test_game_manager.TestGameManager" name="test_get_angle" time="0.003" /><testcase classname="tests.unit.test_game_manager.TestGameManager" name="test_get_angle_invalid_score" time="0.003" /><testcase classname="tests.unit.test_game_manager.TestGameManager" name="test_turn_completion" time="0.004" /><testcase classname="tests.unit.test_game_manager.TestGameManager" name="test_bust_handling" time="0.004" /><testcase classname="tests.unit.test_game_manager.TestGameManager" name="test_winner_handling" time="0.004" /><testcase classname="tests.unit.test_game_manager_edge_cases.TestGameManagerEdgeCases" name="test_next_player_when_not_started" time="0.003" /><testcase classname="tests.unit.test_game_manager_edge_cases.TestGameManagerEdgeCases" name="test_skip_to_player_when_not_started" time="0.003" /><testcase classname="tests.unit.test_game_manager_edge_cases.TestGameManagerEdgeCases" name="test_skip_to_player_negative_id" time="0.004" /><testcase classname="tests.unit.test_game_manager_edge_cases.TestGameManagerEdgeCases" name="test_skip_to_player_out_of_range" time="0.004" /><testcase classname="tests.unit.test_game_manager_edge_cases.TestGameManagerEdgeCases" name="test_get_game_state_without_game" time="0.003" /><testcase classname="tests.unit.test_game_manager_edge_cases.TestGameManagerEdgeCases" name="test_get_game_state_with_game" time="0.004" /><testcase classname="tests.unit.test_game_manager_edge_cases.TestGameManagerEdgeCases" name="test_process_score_with_bull_multiplier" time="0.004" /><testcase classname="tests.unit.test_game_manager_edge_cases.TestGameManagerEdgeCases" name="test_process_score_with_dblbull_multiplier" time="0.004" /><testcase classname="tests.unit.test_game_manager_edge_cases.TestGameManagerEdgeCases" name="test_process_score_with_miss" time="0.004" /><testcase classname="tests.unit.test_game_manager_edge_cases.TestGameManagerEdgeCases" name="test_emit_throw_effects_bull" time="0.004" /><testcase classname="tests.unit.test_game_manager_edge_cases.TestGameManagerEdgeCases" name="test_emit_throw_effects_dblbull" time="0.004" /><testcase classname="tests.unit.test_game_manager_edge_cases.TestGameManagerEdgeCases" name="test_emit_throw_effects_single" time="0.004" /><testcase classname="tests.unit.test_game_manager_edge_cases.TestGameManagerEdgeCases" name="test_get_angle_valid_scores" time="0.003" /><testcase classname="tests.unit.test_game_manager_edge_cases.TestGameManagerEdgeCases" name="test_get_angle_invalid_score" time="0.003" /><testcase classname="tests.unit.test_game_manager_edge_cases.TestGameManagerEdgeCases" name="test_get_angle_zero_score" time="0.004" /><testcase classname="tests.unit.test_game_manager_edge_cases.TestGameManagerEdgeCases" name="test_handle_bust" time="0.004" /><testcase classname="tests.unit.test_game_manager_edge_cases.TestGameManagerEdgeCases" name="test_handle_winner" time="0.035" /><testcase classname="tests.unit.test_game_manager_edge_cases.TestGameManagerEdgeCases" name="test_end_turn" time="0.004" /><testcase classname="tests.unit.test_game_manager_edge_cases.TestGameManagerEdgeCases" name="test_emit_game_state" time="0.004" /><testcase classname="tests.unit.test_game_manager_edge_cases.TestGameManagerEdgeCases" name="test_emit_sound" time="0.004" /><testcase classname="tests.unit.test_game_manager_edge_cases.TestGameManagerEdgeCases" name="test_emit_video" time="0.004" /><testcase classname="tests.unit.test_game_manager_edge_cases.TestGameManagerEdgeCases" name="test_emit_message" time="0.006" /><testcase classname="tests.unit.test_game_manager_edge_cases.TestGameManagerEdgeCases" name="test_emit_big_message" time="0.004" /><testcase classname="tests.unit.test_game_manager_edge_cases.TestGameManagerEdgeCases" name="test_new_game_401" time="0.005" /><testcase classname="tests.unit.test_game_manager_edge_cases.TestGameManagerEdgeCases" name="test_new_game_unknown_type" time="0.004" /><testcase classname="tests.unit.test_game_manager_edge_cases.TestGameManagerEdgeCases" name="test_process_score_complete_turn" time="0.005" /><testcase classname="tests.unit.test_game_manager_edge_cases.TestGameManagerEdgeCases" name="test_add_player_to_empty_game" time="0.004" /><testcase classname="tests.unit.test_game_manager_edge_cases.TestGameManagerEdgeCases" name="test_remove_player_from_empty_game" time="0.003" /><testcase classname="tests.unit.test_game_manager_edge_cases.TestGameManagerEdgeCases" name="test_cricket_game_initialization" time="0.005" /><testcase classname="tests.unit.test_game_manager_edge_cases.TestGameManagerEdgeCases" name="test_process_score_cricket_target" time="0.005" /><testcase classname="tests.unit.test_rabbitmq_consumer.TestRabbitMQConsumer" name="test_initialization" time="0.003" /><testcase classname="tests.unit.test_rabbitmq_consumer.TestRabbitMQConsumer" name="test_connect_success" time="0.010" /><testcase classname="tests.unit.test_rabbitmq_consumer.TestRabbitMQConsumer" name="test_on_message_success" time="0.006" /><testcase classname="tests.unit.test_rabbitmq_consumer.TestRabbitMQConsumer" name="test_on_message_json_decode_error" time="0.005" /><testcase classname="tests.unit.test_rabbitmq_consumer.TestRabbitMQConsumer" name="test_on_message_callback_exception" time="0.005" /><testcase classname="tests.unit.test_rabbitmq_consumer.TestRabbitMQConsumer" name="test_start_with_connection_error" time="0.005" /><testcase classname="tests.unit.test_rabbitmq_consumer.TestRabbitMQConsumer" name="test_start_with_keyboard_interrupt" time="0.018" /><testcase classname="tests.unit.test_rabbitmq_consumer.TestRabbitMQConsumer" name="test_start_with_amqp_connection_error" time="0.005" /><testcase classname="tests.unit.test_rabbitmq_consumer.TestRabbitMQConsumer" name="test_stop" time="0.007" /><testcase classname="tests.unit.test_rabbitmq_consumer.TestRabbitMQConsumer" name="test_stop_with_closed_channel" time="0.006" /><testcase classname="tests.unit.test_rabbitmq_consumer.TestRabbitMQConsumer" name="test_stop_with_no_connection" time="0.002" /><testcase classname="tests.unit.test_rabbitmq_consumer.TestRabbitMQConsumer" name="test_on_message_with_user_field" time="0.005" /><testcase classname="tests.unit.test_rabbitmq_consumer.TestRabbitMQConsumer" name="test_on_message_with_empty_body" time="0.005" /><testcase classname="tests.unit.test_rabbitmq_consumer.TestRabbitMQConsumer" name="test_connect_with_custom_config" time="0.009" /></testsuite></testsuites>